Diagnose log at 2022-06-14T07:06:30Z

Executable: /usr/local/share/gcm-core/git-credential-manager-core
Version: 2.0.696+4365b917da

------------
Diagnostic: Environment
Skipped: False
Success: True
Exception: None
Log:
OSType: macOS
OSVersion: 12.3.1
Reading environment variables... OK
 Variables:
USER=tetsuo
LOGNAME=tetsuo
__CF_USER_TEXT_ENCODING=0x1F5:0x0:0x0
SHLVL=1
NVM_CD_FLAGS=-q
ZSH=/Users/tetsuo/.oh-my-zsh
ORIGINAL_XDG_CURRENT_DESKTOP=undefined
__CFBundleIdentifier=com.microsoft.VSCode
PWD=/Users/tetsuo/Downloads/skinnerbox (4)
VSCODE_GIT_IPC_HANDLE=/var/folders/x_/ln40pswd79zb1f47dy4gfc6w0000gn/T/vscode-git-491e293d0b.sock
TERM=xterm-256color
COMMAND_MODE=unix2003
LANG=en_US.UTF-8
P9K_SSH=0
SHELL=/bin/zsh
OLDPWD=/Users/tetsuo/Downloads/skinnerbox (4)
SSH_AUTH_SOCK=/private/tmp/com.apple.launchd.51F7kRFdCS/Listeners
PATH=/Users/tetsuo/.nvm/versions/node/v18.2.0/bin:/usr/local/bin:/usr/bin:/bin:/usr/sbin:/sbin:/usr/local/share/dotnet:~/.dotnet/tools:/Users/tetsuo/.nvm/versions/node/v18.2.0/bin
XPC_FLAGS=0x0
XPC_SERVICE_NAME=0
COLORTERM=truecolor
TMPDIR=/var/folders/x_/ln40pswd79zb1f47dy4gfc6w0000gn/T/
VSCODE_GIT_ASKPASS_NODE=/Applications/Visual Studio Code.app/Contents/MacOS/Electron
NVM_DIR=/Users/tetsuo/.nvm
TERM_PROGRAM_VERSION=1.67.2
PAGER=less
NVM_INC=/Users/tetsuo/.nvm/versions/node/v18.2.0/include/node
NVM_BIN=/Users/tetsuo/.nvm/versions/node/v18.2.0/bin
VSCODE_GIT_ASKPASS_MAIN=/Applications/Visual Studio Code.app/Contents/Resources/app/extensions/git/dist/askpass-main.js
LSCOLORS=Gxfxcxdxbxegedabagacad
GIT_ASKPASS=/Applications/Visual Studio Code.app/Contents/Resources/app/extensions/git/dist/askpass.sh
_P9K_TTY=/dev/ttys000
TERM_PROGRAM=vscode
HOME=/Users/tetsuo
VSCODE_GIT_ASKPASS_EXTRA_ARGS=--ms-enable-electron-run-as-node
_=/usr/local/bin/git-credential-manager-core
P9K_TTY=old
LESS=-R


------------
Diagnostic: File system
Skipped: False
Success: True
Exception: None
Log:
Temporary directory is '/var/folders/x_/ln40pswd79zb1f47dy4gfc6w0000gn/T/'...
Checking basic file I/O...
Writing to temporary file '/var/folders/x_/ln40pswd79zb1f47dy4gfc6w0000gn/T/0910447c9cf0699850e6fa08'... OK
Reading from temporary file '/var/folders/x_/ln40pswd79zb1f47dy4gfc6w0000gn/T/0910447c9cf0699850e6fa08'... OK
Deleting temporary file '/var/folders/x_/ln40pswd79zb1f47dy4gfc6w0000gn/T/0910447c9cf0699850e6fa08'... OK
Testing IFileSystem instance...
UserHomePath: /Users/tetsuo
UserDataDirectoryPath: /Users/tetsuo/.gcm
GetCurrentDirectory(): /Users/tetsuo/Downloads/skinnerbox (4)

------------
Diagnostic: Networking
Skipped: False
Success: True
Exception: None
Log:
Checking basic networking and HTTP stack...
Creating HTTP client... OK
IsNetworkAvailable: True
Sending HEAD request to http://example.com... OK
Sending HEAD request to https://example.com... OK
Acquiring free TCP port... OK
Testing local HTTP loopback connections...
Creating new HTTP listener for http://localhost:57383/... OK
Waiting for loopback connection... OK
Writing response... OK
Waiting for response data... OK
Loopback connection data OK
Testing with IHttpClientFactory created HTTP client...
Creating HTTP client... OK
IsNetworkAvailable: True
Sending HEAD request to http://example.com... OK
Sending HEAD request to https://example.com... OK
Acquiring free TCP port... OK
Testing local HTTP loopback connections...
Creating new HTTP listener for http://localhost:57385/... OK
Waiting for loopback connection... OK
Writing response... OK
Waiting for response data... OK
Loopback connection data OK

------------
Diagnostic: Git
Skipped: False
Success: True
Exception: None
Log:
Getting Git version... OK
Git version is '2.36.1'
Locating current repository... OK
Git repository at '/Users/tetsuo/Downloads/skinnerbox (4)/.git'
Listing all Git configuration... OK
Git configuration:
file:/usr/local/etc/gitconfig	credential.helper=osxkeychain
file:/Users/tetsuo/.gitconfig	filter.lfs.required=true
file:/Users/tetsuo/.gitconfig	filter.lfs.clean=git-lfs clean -- %f
file:/Users/tetsuo/.gitconfig	filter.lfs.smudge=git-lfs smudge -- %f
file:/Users/tetsuo/.gitconfig	filter.lfs.process=git-lfs filter-process
file:/Users/tetsuo/.gitconfig	user.name=tetsuo
file:/Users/tetsuo/.gitconfig	user.email=brandonandersen@me.com
file:/Users/tetsuo/.gitconfig	credential.helper=
file:/Users/tetsuo/.gitconfig	credential.helper=/usr/local/share/gcm-core/git-credential-manager-core
file:/Users/tetsuo/.gitconfig	credential.https://dev.azure.com.usehttppath=true
file:.git/config	core.repositoryformatversion=0
file:.git/config	core.filemode=true
file:.git/config	core.bare=false
file:.git/config	core.logallrefupdates=true
file:.git/config	core.ignorecase=true
file:.git/config	core.precomposeunicode=true
file:.git/config	remote.origin.url=git@github.com:xOtetsuo/min.git
file:.git/config	remote.origin.fetch=+refs/heads/*:refs/remotes/origin/*


------------
Diagnostic: Credential storage
Skipped: False
Success: True
Exception: None
Log:
ICredentialStore instance is of type: CredentialStore
Writing test credential... OK
Reading test credential... OK
Deleting test credential... OK

------------
Diagnostic: Microsoft authentication (AAD/MSA)
Skipped: False
Success: True
Exception: None
Log:
Broker not supported.
Flow type is: Auto
Gathering MSAL token cache data... OK
CacheDirectory: /Users/tetsuo/.local/.IdentityService
CacheFileName: msal.cache
CacheFilePath: /Users/tetsuo/.local/.IdentityService/msal.cache
MacKeyChainAccountName: MSALCache
MacKeyChainServiceName: Microsoft.Developer.IdentityService
Creating cache helper... OK
Verifying MSAL token cache persistence... OK

------------
Diagnostic: GitHub API
Skipped: False
Success: True
Exception: None
Log:
Using 'https://github.com/' as API target.
Querying '/meta' endpoint... OK

